Namespace(bumps=True, epsH=20.0, epsplap=0.0001, levs=10, mcoarse=20, nofas=False, o='', qdegree=4, quad=True)
firedrake:WARNING Creating new TransferManager to transfer data to coarse grids
firedrake:WARNING This might be slow (you probably want to save it on an appctx)
firedrake:WARNING Creating new TransferManager to transfer data to coarse grids
firedrake:WARNING This might be slow (you probably want to save it on an appctx)
firedrake:WARNING Creating new TransferManager to transfer data to coarse grids
firedrake:WARNING This might be slow (you probably want to save it on an appctx)
firedrake:WARNING Creating new TransferManager to transfer data to coarse grids
firedrake:WARNING This might be slow (you probably want to save it on an appctx)
firedrake:WARNING Creating new TransferManager to transfer data to coarse grids
firedrake:WARNING This might be slow (you probably want to save it on an appctx)
firedrake:WARNING Creating new TransferManager to transfer data to coarse grids
firedrake:WARNING This might be slow (you probably want to save it on an appctx)
firedrake:WARNING Creating new TransferManager to transfer data to coarse grids
firedrake:WARNING This might be slow (you probably want to save it on an appctx)
firedrake:WARNING Creating new TransferManager to transfer data to coarse grids
firedrake:WARNING This might be slow (you probably want to save it on an appctx)
firedrake:WARNING Creating new TransferManager to transfer data to coarse grids
firedrake:WARNING This might be slow (you probably want to save it on an appctx)
firedrake:WARNING Creating new TransferManager to transfer data to coarse grids
firedrake:WARNING This might be slow (you probably want to save it on an appctx)
firedrake:WARNING Creating new TransferManager to transfer data to coarse grids
firedrake:WARNING This might be slow (you probably want to save it on an appctx)
firedrake:WARNING Creating new TransferManager to transfer data to coarse grids
firedrake:WARNING This might be slow (you probably want to save it on an appctx)
firedrake:WARNING Creating new TransferManager to transfer data to coarse grids
firedrake:WARNING This might be slow (you probably want to save it on an appctx)
firedrake:WARNING Creating new TransferManager to transfer data to coarse grids
firedrake:WARNING This might be slow (you probably want to save it on an appctx)
firedrake:WARNING Creating new TransferManager to transfer data to coarse grids
firedrake:WARNING This might be slow (you probably want to save it on an appctx)
firedrake:WARNING Creating new TransferManager to transfer data to coarse grids
firedrake:WARNING This might be slow (you probably want to save it on an appctx)
firedrake:WARNING Creating new TransferManager to transfer data to coarse grids
firedrake:WARNING This might be slow (you probably want to save it on an appctx)
firedrake:WARNING Creating new TransferManager to transfer data to coarse grids
firedrake:WARNING This might be slow (you probably want to save it on an appctx)
firedrake:WARNING Creating new TransferManager to transfer data to coarse grids
firedrake:WARNING This might be slow (you probably want to save it on an appctx)
firedrake:WARNING Creating new TransferManager to transfer data to coarse grids
firedrake:WARNING This might be slow (you probably want to save it on an appctx)
firedrake:WARNING Creating new TransferManager to transfer data to coarse grids
firedrake:WARNING This might be slow (you probably want to save it on an appctx)
firedrake:WARNING Creating new TransferManager to transfer data to coarse grids
firedrake:WARNING This might be slow (you probably want to save it on an appctx)
firedrake:WARNING Creating new TransferManager to transfer data to coarse grids
firedrake:WARNING This might be slow (you probably want to save it on an appctx)
firedrake:WARNING Creating new TransferManager to transfer data to coarse grids
firedrake:WARNING This might be slow (you probably want to save it on an appctx)
firedrake:WARNING Creating new TransferManager to transfer data to coarse grids
firedrake:WARNING This might be slow (you probably want to save it on an appctx)
firedrake:WARNING Creating new TransferManager to transfer data to coarse grids
firedrake:WARNING This might be slow (you probably want to save it on an appctx)
firedrake:WARNING Creating new TransferManager to transfer data to coarse grids
firedrake:WARNING This might be slow (you probably want to save it on an appctx)
   0 FASCD ncp function norm 7.064290854120e+00
   0 FASCD ncp function norm 8.862755329608e+00
   1 FASCD ncp function norm 3.283534327821e-03
   2 FASCD ncp function norm 1.124658146348e-03
FASCD solve converged due to CONVERGED_FNORM_RELATIVE iterations 2
firedrake:WARNING Creating new TransferManager to transfer data to coarse grids
firedrake:WARNING This might be slow (you probably want to save it on an appctx)
firedrake:WARNING Creating new TransferManager to transfer data to coarse grids
firedrake:WARNING This might be slow (you probably want to save it on an appctx)
firedrake:WARNING Creating new TransferManager to transfer data to coarse grids
firedrake:WARNING This might be slow (you probably want to save it on an appctx)
firedrake:WARNING Creating new TransferManager to transfer data to coarse grids
firedrake:WARNING This might be slow (you probably want to save it on an appctx)
firedrake:WARNING Creating new TransferManager to transfer data to coarse grids
firedrake:WARNING This might be slow (you probably want to save it on an appctx)
firedrake:WARNING Creating new TransferManager to transfer data to coarse grids
firedrake:WARNING This might be slow (you probably want to save it on an appctx)
firedrake:WARNING Creating new TransferManager to transfer data to coarse grids
firedrake:WARNING This might be slow (you probably want to save it on an appctx)
firedrake:WARNING Creating new TransferManager to transfer data to coarse grids
firedrake:WARNING This might be slow (you probably want to save it on an appctx)
firedrake:WARNING Creating new TransferManager to transfer data to coarse grids
firedrake:WARNING This might be slow (you probably want to save it on an appctx)
firedrake:WARNING Creating new TransferManager to transfer data to coarse grids
firedrake:WARNING This might be slow (you probably want to save it on an appctx)
firedrake:WARNING Creating new TransferManager to transfer data to coarse grids
firedrake:WARNING This might be slow (you probably want to save it on an appctx)
firedrake:WARNING Creating new TransferManager to transfer data to coarse grids
firedrake:WARNING This might be slow (you probably want to save it on an appctx)
firedrake:WARNING Creating new TransferManager to transfer data to coarse grids
firedrake:WARNING This might be slow (you probably want to save it on an appctx)
firedrake:WARNING Creating new TransferManager to transfer data to coarse grids
firedrake:WARNING This might be slow (you probably want to save it on an appctx)
firedrake:WARNING Creating new TransferManager to transfer data to coarse grids
firedrake:WARNING This might be slow (you probably want to save it on an appctx)
firedrake:WARNING Creating new TransferManager to transfer data to coarse grids
firedrake:WARNING This might be slow (you probably want to save it on an appctx)
firedrake:WARNING Creating new TransferManager to transfer data to coarse grids
firedrake:WARNING This might be slow (you probably want to save it on an appctx)
firedrake:WARNING Creating new TransferManager to transfer data to coarse grids
firedrake:WARNING This might be slow (you probably want to save it on an appctx)
firedrake:WARNING Creating new TransferManager to transfer data to coarse grids
firedrake:WARNING This might be slow (you probably want to save it on an appctx)
firedrake:WARNING Creating new TransferManager to transfer data to coarse grids
firedrake:WARNING This might be slow (you probably want to save it on an appctx)
firedrake:WARNING Creating new TransferManager to transfer data to coarse grids
firedrake:WARNING This might be slow (you probably want to save it on an appctx)
firedrake:WARNING Creating new TransferManager to transfer data to coarse grids
firedrake:WARNING This might be slow (you probably want to save it on an appctx)
firedrake:WARNING Creating new TransferManager to transfer data to coarse grids
firedrake:WARNING This might be slow (you probably want to save it on an appctx)
firedrake:WARNING Creating new TransferManager to transfer data to coarse grids
firedrake:WARNING This might be slow (you probably want to save it on an appctx)
firedrake:WARNING Creating new TransferManager to transfer data to coarse grids
firedrake:WARNING This might be slow (you probably want to save it on an appctx)
firedrake:WARNING Creating new TransferManager to transfer data to coarse grids
firedrake:WARNING This might be slow (you probably want to save it on an appctx)
firedrake:WARNING Creating new TransferManager to transfer data to coarse grids
firedrake:WARNING This might be slow (you probably want to save it on an appctx)
   0 FASCD ncp function norm 7.064290854120e+00
   0 FASCD ncp function norm 8.862809060825e+00
   1 FASCD ncp function norm 3.477755727817e-03
   2 FASCD ncp function norm 1.141850940560e-03
FASCD solve converged due to CONVERGED_FNORM_RELATIVE iterations 2
Time taken for 256 cores with 10 levels: 95.04282069206238 s
done (bumps): mcoarse=20, 10 levels, 10240 x 10240 mesh, h=0.176 km
