Namespace(bumps=True, epsH=20.0, epsplap=0.0001, levs=8, mcoarse=20, nofas=False, o='', qdegree=4, quad=True)
firedrake:WARNING Creating new TransferManager to transfer data to coarse grids
firedrake:WARNING This might be slow (you probably want to save it on an appctx)
firedrake:WARNING Creating new TransferManager to transfer data to coarse grids
firedrake:WARNING This might be slow (you probably want to save it on an appctx)
firedrake:WARNING Creating new TransferManager to transfer data to coarse grids
firedrake:WARNING This might be slow (you probably want to save it on an appctx)
firedrake:WARNING Creating new TransferManager to transfer data to coarse grids
firedrake:WARNING This might be slow (you probably want to save it on an appctx)
firedrake:WARNING Creating new TransferManager to transfer data to coarse grids
firedrake:WARNING This might be slow (you probably want to save it on an appctx)
firedrake:WARNING Creating new TransferManager to transfer data to coarse grids
firedrake:WARNING This might be slow (you probably want to save it on an appctx)
firedrake:WARNING Creating new TransferManager to transfer data to coarse grids
firedrake:WARNING This might be slow (you probably want to save it on an appctx)
firedrake:WARNING Creating new TransferManager to transfer data to coarse grids
firedrake:WARNING This might be slow (you probably want to save it on an appctx)
firedrake:WARNING Creating new TransferManager to transfer data to coarse grids
firedrake:WARNING This might be slow (you probably want to save it on an appctx)
firedrake:WARNING Creating new TransferManager to transfer data to coarse grids
firedrake:WARNING This might be slow (you probably want to save it on an appctx)
firedrake:WARNING Creating new TransferManager to transfer data to coarse grids
firedrake:WARNING This might be slow (you probably want to save it on an appctx)
firedrake:WARNING Creating new TransferManager to transfer data to coarse grids
firedrake:WARNING This might be slow (you probably want to save it on an appctx)
firedrake:WARNING Creating new TransferManager to transfer data to coarse grids
firedrake:WARNING This might be slow (you probably want to save it on an appctx)
firedrake:WARNING Creating new TransferManager to transfer data to coarse grids
firedrake:WARNING This might be slow (you probably want to save it on an appctx)
firedrake:WARNING Creating new TransferManager to transfer data to coarse grids
firedrake:WARNING This might be slow (you probably want to save it on an appctx)
firedrake:WARNING Creating new TransferManager to transfer data to coarse grids
firedrake:WARNING This might be slow (you probably want to save it on an appctx)
firedrake:WARNING Creating new TransferManager to transfer data to coarse grids
firedrake:WARNING This might be slow (you probably want to save it on an appctx)
firedrake:WARNING Creating new TransferManager to transfer data to coarse grids
firedrake:WARNING This might be slow (you probably want to save it on an appctx)
firedrake:WARNING Creating new TransferManager to transfer data to coarse grids
firedrake:WARNING This might be slow (you probably want to save it on an appctx)
firedrake:WARNING Creating new TransferManager to transfer data to coarse grids
firedrake:WARNING This might be slow (you probably want to save it on an appctx)
firedrake:WARNING Creating new TransferManager to transfer data to coarse grids
firedrake:WARNING This might be slow (you probably want to save it on an appctx)
   0 FASCD ncp function norm 2.825710954663e+01
   0 FASCD ncp function norm 3.556112821207e+01
   1 FASCD ncp function norm 1.824412706951e-01
   2 FASCD ncp function norm 8.839624472983e-03
   3 FASCD ncp function norm 3.746875241153e-03
FASCD solve converged due to CONVERGED_FNORM_RELATIVE iterations 3
firedrake:WARNING Creating new TransferManager to transfer data to coarse grids
firedrake:WARNING This might be slow (you probably want to save it on an appctx)
firedrake:WARNING Creating new TransferManager to transfer data to coarse grids
firedrake:WARNING This might be slow (you probably want to save it on an appctx)
firedrake:WARNING Creating new TransferManager to transfer data to coarse grids
firedrake:WARNING This might be slow (you probably want to save it on an appctx)
firedrake:WARNING Creating new TransferManager to transfer data to coarse grids
firedrake:WARNING This might be slow (you probably want to save it on an appctx)
firedrake:WARNING Creating new TransferManager to transfer data to coarse grids
firedrake:WARNING This might be slow (you probably want to save it on an appctx)
firedrake:WARNING Creating new TransferManager to transfer data to coarse grids
firedrake:WARNING This might be slow (you probably want to save it on an appctx)
firedrake:WARNING Creating new TransferManager to transfer data to coarse grids
firedrake:WARNING This might be slow (you probably want to save it on an appctx)
firedrake:WARNING Creating new TransferManager to transfer data to coarse grids
firedrake:WARNING This might be slow (you probably want to save it on an appctx)
firedrake:WARNING Creating new TransferManager to transfer data to coarse grids
firedrake:WARNING This might be slow (you probably want to save it on an appctx)
firedrake:WARNING Creating new TransferManager to transfer data to coarse grids
firedrake:WARNING This might be slow (you probably want to save it on an appctx)
firedrake:WARNING Creating new TransferManager to transfer data to coarse grids
firedrake:WARNING This might be slow (you probably want to save it on an appctx)
firedrake:WARNING Creating new TransferManager to transfer data to coarse grids
firedrake:WARNING This might be slow (you probably want to save it on an appctx)
firedrake:WARNING Creating new TransferManager to transfer data to coarse grids
firedrake:WARNING This might be slow (you probably want to save it on an appctx)
firedrake:WARNING Creating new TransferManager to transfer data to coarse grids
firedrake:WARNING This might be slow (you probably want to save it on an appctx)
firedrake:WARNING Creating new TransferManager to transfer data to coarse grids
firedrake:WARNING This might be slow (you probably want to save it on an appctx)
firedrake:WARNING Creating new TransferManager to transfer data to coarse grids
firedrake:WARNING This might be slow (you probably want to save it on an appctx)
firedrake:WARNING Creating new TransferManager to transfer data to coarse grids
firedrake:WARNING This might be slow (you probably want to save it on an appctx)
firedrake:WARNING Creating new TransferManager to transfer data to coarse grids
firedrake:WARNING This might be slow (you probably want to save it on an appctx)
firedrake:WARNING Creating new TransferManager to transfer data to coarse grids
firedrake:WARNING This might be slow (you probably want to save it on an appctx)
firedrake:WARNING Creating new TransferManager to transfer data to coarse grids
firedrake:WARNING This might be slow (you probably want to save it on an appctx)
firedrake:WARNING Creating new TransferManager to transfer data to coarse grids
firedrake:WARNING This might be slow (you probably want to save it on an appctx)
   0 FASCD ncp function norm 2.825710954663e+01
   0 FASCD ncp function norm 3.555873656599e+01
   1 FASCD ncp function norm 1.364217244853e-01
   2 FASCD ncp function norm 9.598312069870e-03
   3 FASCD ncp function norm 4.039284250176e-03
FASCD solve converged due to CONVERGED_FNORM_RELATIVE iterations 3
Time taken for 16 cores with 8 levels: 124.28985643386841 s
done (bumps): mcoarse=20, 8 levels, 2560 x 2560 mesh, h=0.703 km
