Namespace(bumps=True, epsH=20.0, epsplap=0.0001, levs=9, mcoarse=20, nofas=False, o='', qdegree=4, quad=True)
firedrake:WARNING Creating new TransferManager to transfer data to coarse grids
firedrake:WARNING This might be slow (you probably want to save it on an appctx)
firedrake:WARNING Creating new TransferManager to transfer data to coarse grids
firedrake:WARNING This might be slow (you probably want to save it on an appctx)
firedrake:WARNING Creating new TransferManager to transfer data to coarse grids
firedrake:WARNING This might be slow (you probably want to save it on an appctx)
firedrake:WARNING Creating new TransferManager to transfer data to coarse grids
firedrake:WARNING This might be slow (you probably want to save it on an appctx)
firedrake:WARNING Creating new TransferManager to transfer data to coarse grids
firedrake:WARNING This might be slow (you probably want to save it on an appctx)
firedrake:WARNING Creating new TransferManager to transfer data to coarse grids
firedrake:WARNING This might be slow (you probably want to save it on an appctx)
firedrake:WARNING Creating new TransferManager to transfer data to coarse grids
firedrake:WARNING This might be slow (you probably want to save it on an appctx)
firedrake:WARNING Creating new TransferManager to transfer data to coarse grids
firedrake:WARNING This might be slow (you probably want to save it on an appctx)
firedrake:WARNING Creating new TransferManager to transfer data to coarse grids
firedrake:WARNING This might be slow (you probably want to save it on an appctx)
firedrake:WARNING Creating new TransferManager to transfer data to coarse grids
firedrake:WARNING This might be slow (you probably want to save it on an appctx)
firedrake:WARNING Creating new TransferManager to transfer data to coarse grids
firedrake:WARNING This might be slow (you probably want to save it on an appctx)
firedrake:WARNING Creating new TransferManager to transfer data to coarse grids
firedrake:WARNING This might be slow (you probably want to save it on an appctx)
firedrake:WARNING Creating new TransferManager to transfer data to coarse grids
firedrake:WARNING This might be slow (you probably want to save it on an appctx)
firedrake:WARNING Creating new TransferManager to transfer data to coarse grids
firedrake:WARNING This might be slow (you probably want to save it on an appctx)
firedrake:WARNING Creating new TransferManager to transfer data to coarse grids
firedrake:WARNING This might be slow (you probably want to save it on an appctx)
firedrake:WARNING Creating new TransferManager to transfer data to coarse grids
firedrake:WARNING This might be slow (you probably want to save it on an appctx)
firedrake:WARNING Creating new TransferManager to transfer data to coarse grids
firedrake:WARNING This might be slow (you probably want to save it on an appctx)
firedrake:WARNING Creating new TransferManager to transfer data to coarse grids
firedrake:WARNING This might be slow (you probably want to save it on an appctx)
firedrake:WARNING Creating new TransferManager to transfer data to coarse grids
firedrake:WARNING This might be slow (you probably want to save it on an appctx)
firedrake:WARNING Creating new TransferManager to transfer data to coarse grids
firedrake:WARNING This might be slow (you probably want to save it on an appctx)
firedrake:WARNING Creating new TransferManager to transfer data to coarse grids
firedrake:WARNING This might be slow (you probably want to save it on an appctx)
firedrake:WARNING Creating new TransferManager to transfer data to coarse grids
firedrake:WARNING This might be slow (you probably want to save it on an appctx)
firedrake:WARNING Creating new TransferManager to transfer data to coarse grids
firedrake:WARNING This might be slow (you probably want to save it on an appctx)
firedrake:WARNING Creating new TransferManager to transfer data to coarse grids
firedrake:WARNING This might be slow (you probably want to save it on an appctx)
   0 FASCD ncp function norm 1.412857629632e+01
   0 FASCD ncp function norm 1.774345813605e+01
   1 FASCD ncp function norm 1.670135985942e-02
   2 FASCD ncp function norm 3.598880214868e-03
   3 FASCD ncp function norm 1.624099910969e-03
FASCD solve converged due to CONVERGED_FNORM_RELATIVE iterations 3
firedrake:WARNING Creating new TransferManager to transfer data to coarse grids
firedrake:WARNING This might be slow (you probably want to save it on an appctx)
firedrake:WARNING Creating new TransferManager to transfer data to coarse grids
firedrake:WARNING This might be slow (you probably want to save it on an appctx)
firedrake:WARNING Creating new TransferManager to transfer data to coarse grids
firedrake:WARNING This might be slow (you probably want to save it on an appctx)
firedrake:WARNING Creating new TransferManager to transfer data to coarse grids
firedrake:WARNING This might be slow (you probably want to save it on an appctx)
firedrake:WARNING Creating new TransferManager to transfer data to coarse grids
firedrake:WARNING This might be slow (you probably want to save it on an appctx)
firedrake:WARNING Creating new TransferManager to transfer data to coarse grids
firedrake:WARNING This might be slow (you probably want to save it on an appctx)
firedrake:WARNING Creating new TransferManager to transfer data to coarse grids
firedrake:WARNING This might be slow (you probably want to save it on an appctx)
firedrake:WARNING Creating new TransferManager to transfer data to coarse grids
firedrake:WARNING This might be slow (you probably want to save it on an appctx)
firedrake:WARNING Creating new TransferManager to transfer data to coarse grids
firedrake:WARNING This might be slow (you probably want to save it on an appctx)
firedrake:WARNING Creating new TransferManager to transfer data to coarse grids
firedrake:WARNING This might be slow (you probably want to save it on an appctx)
firedrake:WARNING Creating new TransferManager to transfer data to coarse grids
firedrake:WARNING This might be slow (you probably want to save it on an appctx)
firedrake:WARNING Creating new TransferManager to transfer data to coarse grids
firedrake:WARNING This might be slow (you probably want to save it on an appctx)
firedrake:WARNING Creating new TransferManager to transfer data to coarse grids
firedrake:WARNING This might be slow (you probably want to save it on an appctx)
firedrake:WARNING Creating new TransferManager to transfer data to coarse grids
firedrake:WARNING This might be slow (you probably want to save it on an appctx)
firedrake:WARNING Creating new TransferManager to transfer data to coarse grids
firedrake:WARNING This might be slow (you probably want to save it on an appctx)
firedrake:WARNING Creating new TransferManager to transfer data to coarse grids
firedrake:WARNING This might be slow (you probably want to save it on an appctx)
firedrake:WARNING Creating new TransferManager to transfer data to coarse grids
firedrake:WARNING This might be slow (you probably want to save it on an appctx)
firedrake:WARNING Creating new TransferManager to transfer data to coarse grids
firedrake:WARNING This might be slow (you probably want to save it on an appctx)
firedrake:WARNING Creating new TransferManager to transfer data to coarse grids
firedrake:WARNING This might be slow (you probably want to save it on an appctx)
firedrake:WARNING Creating new TransferManager to transfer data to coarse grids
firedrake:WARNING This might be slow (you probably want to save it on an appctx)
firedrake:WARNING Creating new TransferManager to transfer data to coarse grids
firedrake:WARNING This might be slow (you probably want to save it on an appctx)
firedrake:WARNING Creating new TransferManager to transfer data to coarse grids
firedrake:WARNING This might be slow (you probably want to save it on an appctx)
firedrake:WARNING Creating new TransferManager to transfer data to coarse grids
firedrake:WARNING This might be slow (you probably want to save it on an appctx)
firedrake:WARNING Creating new TransferManager to transfer data to coarse grids
firedrake:WARNING This might be slow (you probably want to save it on an appctx)
   0 FASCD ncp function norm 1.412857629632e+01
   0 FASCD ncp function norm 1.774347724659e+01
   1 FASCD ncp function norm 1.654398241162e-02
   2 FASCD ncp function norm 3.609584186828e-03
   3 FASCD ncp function norm 1.622511315148e-03
FASCD solve converged due to CONVERGED_FNORM_RELATIVE iterations 3
Time taken for 64 cores with 9 levels: 136.50004363059998 s
done (bumps): mcoarse=20, 9 levels, 5120 x 5120 mesh, h=0.352 km
